<?xml version="1.0" encoding="UTF-8"?>
<testng-results skipped="0" failed="0" total="1" passed="1">
  <reporter-output>
  </reporter-output>
  <suite name="Default suite" duration-ms="12337" started-at="2016-08-24T11:45:43Z" finished-at="2016-08-24T11:45:55Z">
    <groups>
    </groups>
    <test name="Default test" duration-ms="12337" started-at="2016-08-24T11:45:43Z" finished-at="2016-08-24T11:45:55Z">
      <class name="com.Testsuites.Login">
        <test-method status="PASS" signature="init()[pri:0, instance:com.Testsuites.Login@7dc7cbad]" name="init" is-config="true" duration-ms="11177" started-at="2016-08-24T18:45:43Z" finished-at="2016-08-24T18:45:54Z">
          <reporter-output>
          </reporter-output>
        </test-method> <!-- init -->
        <test-method status="PASS" signature="Login()[pri:1, instance:com.Testsuites.Login@7dc7cbad]" name="Login" duration-ms="1144" started-at="2016-08-24T18:45:54Z" finished-at="2016-08-24T18:45:55Z">
          <reporter-output>
          </reporter-output>
        </test-method> <!-- Login -->
        <test-method status="PASS" signature="afterMethod()[pri:0, instance:com.Testsuites.Login@7dc7cbad]" name="afterMethod" is-config="true" duration-ms="0" started-at="2016-08-24T18:45:55Z" finished-at="2016-08-24T18:45:55Z">
          <reporter-output>
          </reporter-output>
        </test-method> <!-- afterMethod -->
      </class> <!-- com.Testsuites.Login -->
    </test> <!-- Default test -->
  </suite> <!-- Default suite -->
</testng-results>
